<?xml version="1.0" encoding="UTF-8"?>
<testng-results ignored="0" total="3" passed="1" failed="2" skipped="0">
  <reporter-output>
    <line>
      <![CDATA[Test Description: Filling Address Details for the logged-in User]]>
    </line>
  </reporter-output>
  <suite started-at="2025-03-02T11:05:36 IST" name="GLAMS Test Suite" finished-at="2025-03-02T11:06:18 IST" duration-ms="41431">
    <groups>
    </groups>
    <test started-at="2025-03-02T11:05:36 IST" name="GLAMS Address Page Test" finished-at="2025-03-02T11:06:18 IST" duration-ms="41431">
      <class name="com.ninja.qa.SearchPage_TC_001">
        <test-method is-config="true" signature="setUp()[pri:0, instance:com.ninja.qa.SearchPage_TC_001@38234a38]" started-at="2025-03-02T11:05:36 IST" name="setUp" finished-at="2025-03-02T11:05:43 IST" duration-ms="6788" status="PASS">
          <reporter-output>
          </reporter-output>
        </test-method> <!-- setUp -->
        <test-method signature="TestSearchPage_TC_001()[pri:0, instance:com.ninja.qa.SearchPage_TC_001@38234a38]" started-at="2025-03-02T11:05:43 IST" name="TestSearchPage_TC_001" finished-at="2025-03-02T11:05:44 IST" duration-ms="1146" status="PASS">
          <reporter-output>
          </reporter-output>
        </test-method> <!-- TestSearchPage_TC_001 -->
        <test-method is-config="true" signature="tearDown()[pri:0, instance:com.ninja.qa.SearchPage_TC_001@38234a38]" started-at="2025-03-02T11:05:44 IST" name="tearDown" finished-at="2025-03-02T11:05:45 IST" duration-ms="342" status="PASS">
          <reporter-output>
          </reporter-output>
        </test-method> <!-- tearDown -->
      </class> <!-- com.ninja.qa.SearchPage_TC_001 -->
      <class name="com.ninja.qa.AddToCartPage_TC_002">
        <test-method is-config="true" signature="setUp()[pri:0, instance:com.ninja.qa.AddToCartPage_TC_002@554e218]" started-at="2025-03-02T11:05:45 IST" name="setUp" finished-at="2025-03-02T11:05:48 IST" duration-ms="3641" status="PASS">
          <reporter-output>
          </reporter-output>
        </test-method> <!-- setUp -->
        <test-method signature="TestAddToCartPage_TC_002()[pri:0, instance:com.ninja.qa.AddToCartPage_TC_002@554e218]" started-at="2025-03-02T11:05:48 IST" name="TestAddToCartPage_TC_002" description="Verify that an iMac can be added to cart successfully and checkout is completed" finished-at="2025-03-02T11:05:49 IST" duration-ms="1014" status="FAIL">
          <exception class="java.lang.AssertionError">
            <message>
              <![CDATA[Text mismatch: Expected ' null ' but found 'iMac' expected [iMac] but found [null]]]>
            </message>
            <full-stacktrace>
              <![CDATA[java.lang.AssertionError: Text mismatch: Expected ' null ' but found 'iMac' expected [iMac] but found [null]
at org.testng.Assert.fail(Assert.java:111)
at org.testng.Assert.failNotEquals(Assert.java:1578)
at org.testng.Assert.assertEqualsImpl(Assert.java:150)
at org.testng.Assert.assertEquals(Assert.java:132)
at org.testng.Assert.assertEquals(Assert.java:656)
at com.ninja.qa.AddToCartPage_TC_002.TestAddToCartPage_TC_002(AddToCartPage_TC_002.java:35)
at java.base/jdk.internal.reflect.NativeMethodAccessorImpl.invoke0(Native Method)
at java.base/jdk.internal.reflect.NativeMethodAccessorImpl.invoke(NativeMethodAccessorImpl.java:77)
at java.base/jdk.internal.reflect.DelegatingMethodAccessorImpl.invoke(DelegatingMethodAccessorImpl.java:43)
at java.base/java.lang.reflect.Method.invoke(Method.java:568)
at org.testng.internal.invokers.MethodInvocationHelper.invokeMethod(MethodInvocationHelper.java:141)
at org.testng.internal.invokers.TestInvoker.invokeMethod(TestInvoker.java:686)
at org.testng.internal.invokers.TestInvoker.invokeTestMethod(TestInvoker.java:230)
at org.testng.internal.invokers.MethodRunner.runInSequence(MethodRunner.java:63)
at org.testng.internal.invokers.TestInvoker$MethodInvocationAgent.invoke(TestInvoker.java:992)
at org.testng.internal.invokers.TestInvoker.invokeTestMethods(TestInvoker.java:203)
at org.testng.internal.invokers.TestMethodWorker.invokeTestMethods(TestMethodWorker.java:154)
at org.testng.internal.invokers.TestMethodWorker.run(TestMethodWorker.java:134)
at java.base/java.util.ArrayList.forEach(ArrayList.java:1511)
at org.testng.TestRunner.privateRun(TestRunner.java:739)
at org.testng.TestRunner.run(TestRunner.java:614)
at org.testng.SuiteRunner.runTest(SuiteRunner.java:421)
at org.testng.SuiteRunner.runSequentially(SuiteRunner.java:413)
at org.testng.SuiteRunner.privateRun(SuiteRunner.java:373)
at org.testng.SuiteRunner.run(SuiteRunner.java:312)
at org.testng.SuiteRunnerWorker.runSuite(SuiteRunnerWorker.java:52)
at org.testng.SuiteRunnerWorker.run(SuiteRunnerWorker.java:95)
at org.testng.TestNG.runSuitesSequentially(TestNG.java:1274)
at org.testng.TestNG.runSuitesLocally(TestNG.java:1208)
at org.testng.TestNG.runSuites(TestNG.java:1112)
at org.testng.TestNG.run(TestNG.java:1079)
at org.apache.maven.surefire.testng.TestNGExecutor.run(TestNGExecutor.java:308)
at org.apache.maven.surefire.testng.TestNGXmlTestSuite.execute(TestNGXmlTestSuite.java:71)
at org.apache.maven.surefire.testng.TestNGProvider.invoke(TestNGProvider.java:113)
at org.apache.maven.surefire.booter.ForkedBooter.runSuitesInProcess(ForkedBooter.java:385)
at org.apache.maven.surefire.booter.ForkedBooter.execute(ForkedBooter.java:162)
at org.apache.maven.surefire.booter.ForkedBooter.run(ForkedBooter.java:507)
at org.apache.maven.surefire.booter.ForkedBooter.main(ForkedBooter.java:495)
]]>
            </full-stacktrace>
          </exception> <!-- java.lang.AssertionError -->
          <reporter-output>
          </reporter-output>
        </test-method> <!-- TestAddToCartPage_TC_002 -->
        <test-method is-config="true" signature="tearDown()[pri:0, instance:com.ninja.qa.AddToCartPage_TC_002@554e218]" started-at="2025-03-02T11:05:49 IST" name="tearDown" finished-at="2025-03-02T11:05:49 IST" duration-ms="208" status="PASS">
          <reporter-output>
          </reporter-output>
        </test-method> <!-- tearDown -->
      </class> <!-- com.ninja.qa.AddToCartPage_TC_002 -->
      <class name="com.ninja.qa.AddressPageTest_TC_003">
        <test-method is-config="true" signature="setUp()[pri:0, instance:com.ninja.qa.AddressPageTest_TC_003@1608bcbd]" started-at="2025-03-02T11:05:49 IST" name="setUp" finished-at="2025-03-02T11:05:53 IST" duration-ms="3697" status="PASS">
          <reporter-output>
          </reporter-output>
        </test-method> <!-- setUp -->
        <test-method signature="FillAllRegistrationDetails()[pri:0, instance:com.ninja.qa.AddressPageTest_TC_003@1608bcbd]" started-at="2025-03-02T11:05:53 IST" name="FillAllRegistrationDetails" description="Filling Address Details for the logged in User" finished-at="2025-03-02T11:06:17 IST" duration-ms="24243" status="FAIL">
          <exception class="java.lang.AssertionError">
            <message>
              <![CDATA[Text mismatch: Expected 'Your Account Has Been Created!  ' but found '' expected [] but found [Your Account Has Been Created!]]]>
            </message>
            <full-stacktrace>
              <![CDATA[java.lang.AssertionError: Text mismatch: Expected 'Your Account Has Been Created!  ' but found '' expected [] but found [Your Account Has Been Created!]
at org.testng.Assert.fail(Assert.java:111)
at org.testng.Assert.failNotEquals(Assert.java:1578)
at org.testng.Assert.assertEqualsImpl(Assert.java:150)
at org.testng.Assert.assertEquals(Assert.java:132)
at org.testng.Assert.assertEquals(Assert.java:656)
at com.ninja.qa.AddressPageTest_TC_003.FillAllRegistrationDetails(AddressPageTest_TC_003.java:39)
at java.base/jdk.internal.reflect.NativeMethodAccessorImpl.invoke0(Native Method)
at java.base/jdk.internal.reflect.NativeMethodAccessorImpl.invoke(NativeMethodAccessorImpl.java:77)
at java.base/jdk.internal.reflect.DelegatingMethodAccessorImpl.invoke(DelegatingMethodAccessorImpl.java:43)
at java.base/java.lang.reflect.Method.invoke(Method.java:568)
at org.testng.internal.invokers.MethodInvocationHelper.invokeMethod(MethodInvocationHelper.java:141)
at org.testng.internal.invokers.TestInvoker.invokeMethod(TestInvoker.java:686)
at org.testng.internal.invokers.TestInvoker.invokeTestMethod(TestInvoker.java:230)
at org.testng.internal.invokers.MethodRunner.runInSequence(MethodRunner.java:63)
at org.testng.internal.invokers.TestInvoker$MethodInvocationAgent.invoke(TestInvoker.java:992)
at org.testng.internal.invokers.TestInvoker.invokeTestMethods(TestInvoker.java:203)
at org.testng.internal.invokers.TestMethodWorker.invokeTestMethods(TestMethodWorker.java:154)
at org.testng.internal.invokers.TestMethodWorker.run(TestMethodWorker.java:134)
at java.base/java.util.ArrayList.forEach(ArrayList.java:1511)
at org.testng.TestRunner.privateRun(TestRunner.java:739)
at org.testng.TestRunner.run(TestRunner.java:614)
at org.testng.SuiteRunner.runTest(SuiteRunner.java:421)
at org.testng.SuiteRunner.runSequentially(SuiteRunner.java:413)
at org.testng.SuiteRunner.privateRun(SuiteRunner.java:373)
at org.testng.SuiteRunner.run(SuiteRunner.java:312)
at org.testng.SuiteRunnerWorker.runSuite(SuiteRunnerWorker.java:52)
at org.testng.SuiteRunnerWorker.run(SuiteRunnerWorker.java:95)
at org.testng.TestNG.runSuitesSequentially(TestNG.java:1274)
at org.testng.TestNG.runSuitesLocally(TestNG.java:1208)
at org.testng.TestNG.runSuites(TestNG.java:1112)
at org.testng.TestNG.run(TestNG.java:1079)
at org.apache.maven.surefire.testng.TestNGExecutor.run(TestNGExecutor.java:308)
at org.apache.maven.surefire.testng.TestNGXmlTestSuite.execute(TestNGXmlTestSuite.java:71)
at org.apache.maven.surefire.testng.TestNGProvider.invoke(TestNGProvider.java:113)
at org.apache.maven.surefire.booter.ForkedBooter.runSuitesInProcess(ForkedBooter.java:385)
at org.apache.maven.surefire.booter.ForkedBooter.execute(ForkedBooter.java:162)
at org.apache.maven.surefire.booter.ForkedBooter.run(ForkedBooter.java:507)
at org.apache.maven.surefire.booter.ForkedBooter.main(ForkedBooter.java:495)
]]>
            </full-stacktrace>
          </exception> <!-- java.lang.AssertionError -->
          <reporter-output>
            <line>
              <![CDATA[Test Description: Filling Address Details for the logged-in User]]>
            </line>
          </reporter-output>
        </test-method> <!-- FillAllRegistrationDetails -->
        <test-method is-config="true" signature="tearDown()[pri:0, instance:com.ninja.qa.AddressPageTest_TC_003@1608bcbd]" started-at="2025-03-02T11:06:17 IST" name="tearDown" finished-at="2025-03-02T11:06:18 IST" duration-ms="288" status="PASS">
          <reporter-output>
          </reporter-output>
        </test-method> <!-- tearDown -->
      </class> <!-- com.ninja.qa.AddressPageTest_TC_003 -->
    </test> <!-- GLAMS Address Page Test -->
  </suite> <!-- GLAMS Test Suite -->
</testng-results>
