<?xml version="1.0" encoding="UTF-8"?>
<!-- Generated by org.testng.reporters.JUnitXMLReporter -->
<testsuite ignored="0" hostname="LAPTOP-R92NJ77V" failures="1" tests="3" name="GLAMS Address Page Test" time="17.817" errors="0" timestamp="2025-03-01T14:32:07 IST">
  <testcase classname="com.ninja.qa.SearchPage_TC_001" name="TestSearchPage_TC_001" time="1.139"/>
  <testcase classname="com.ninja.qa.AddToCartPage_TC_002" name="TestAddToCartPage_TC_002" time="0.863">
    <failure type="java.lang.AssertionError" message="Text mismatch: Expected &amp;apos; null &amp;apos; but found &amp;apos;iMac&amp;apos; expected [iMac] but found [null]">
      <![CDATA[java.lang.AssertionError: Text mismatch: Expected ' null ' but found 'iMac' expected [iMac] but found [null]
at com.ninja.qa.AddToCartPage_TC_002.TestAddToCartPage_TC_002(AddToCartPage_TC_002.java:35)
at java.base/java.util.ArrayList.forEach(ArrayList.java:1511)
... Removed 32 stack frames]]>
    </failure>
  </testcase> <!-- TestAddToCartPage_TC_002 -->
  <testcase classname="com.ninja.qa.AddressPageTest_TC_003" name="FillAllRegistrationDetails" time="2.95"/>
</testsuite> <!-- GLAMS Address Page Test -->
